{
  "0 debug pnpm:scope": {
    "selected": 1
  },
  "1 debug pnpm:package-manifest": {
    "initial": {
      "name": "ipl-dashboard-app",
      "private": true,
      "version": "1.0.0",
      "engines": {
        "node": "^10.13 || 12 || 14 || 15",
        "npm": ">=6"
      },
      "dependencies": {
        "@testing-library/jest-dom": "5.11.9",
        "@testing-library/react": "11.2.5",
        "@testing-library/user-event": "12.6.2",
        "chalk": "4.1.0",
        "history": "5.0.0",
        "msw": "0.28.2",
        "react": "17.0.1",
        "react-dom": "17.0.1",
        "react-loader-spinner": "4.0.0",
        "react-router-dom": "5.2.0"
      },
      "devDependencies": {
        "eslint-config-airbnb": "18.2.1",
        "eslint-config-prettier": "8.1.0",
        "eslint-plugin-prettier": "3.3.1",
        "husky": "4.3.8",
        "lint-staged": "10.5.4",
        "npm-run-all": "4.1.5",
        "prettier": "2.2.1",
        "react-scripts": "4.0.3"
      },
      "scripts": {
        "start": "react-scripts start",
        "build": "react-scripts build",
        "test": "react-scripts test",
        "lint": "eslint .",
        "lint:fix": "eslint --fix src/",
        "format": "prettier --write \"./src\"",
        "run-all": "npm-run-all --parallel test lint:fix"
      },
      "lint-staged": {
        "*.js": [
          "npm run lint:fix"
        ],
        "*.{js, jsx, json, html, css}": [
          "npm run format"
        ]
      },
      "husky": {
        "hooks": {
          "pre-commit": "lint-staged"
        }
      },
      "jest": {
        "collectCoverageFrom": [
          "src/**/*.js"
        ]
      },
      "browserslist": {
        "development": [
          "last 2 chrome versions",
          "last 2 firefox versions",
          "last 2 edge versions"
        ],
        "production": [
          ">1%",
          "last 4 versions",
          "Firefox ESR",
          "not ie < 11"
        ]
      }
    },
    "prefix": "/home/workspace/reactjs/coding-practices/iplDashboardApp"
  },
  "2 debug pnpm:context": {
    "currentLockfileExists": false,
    "storeDir": "/home/workspace/.pnpm-store/v3",
    "virtualStoreDir": "/home/workspace/reactjs/coding-practices/iplDashboardApp/node_modules/.pnpm"
  },
  "3 debug pnpm:stage": {
    "prefix": "/home/workspace/reactjs/coding-practices/iplDashboardApp",
    "stage": "resolution_started"
  },
  "4 debug pnpm:_dependency_resolved": {
    "resolution": "registry.npmjs.org/eslint-plugin-prettier/3.3.1",
    "wanted": {
      "dependentId": ".",
      "name": "eslint-plugin-prettier",
      "rawSpec": "3.3.1"
    }
  },
  "5 debug pnpm:progress": {
    "packageId": "registry.npmjs.org/eslint-plugin-prettier/3.3.1",
    "requester": "/home/workspace/reactjs/coding-practices/iplDashboardApp",
    "status": "resolved"
  },
  "6 debug pnpm:_dependency_resolved": {
    "resolution": "registry.npmjs.org/@testing-library/jest-dom/5.11.9",
    "wanted": {
      "dependentId": ".",
      "name": "@testing-library/jest-dom",
      "rawSpec": "5.11.9"
    }
  },
  "7 debug pnpm:progress": {
    "packageId": "registry.npmjs.org/@testing-library/jest-dom/5.11.9",
    "requester": "/home/workspace/reactjs/coding-practices/iplDashboardApp",
    "status": "resolved"
  },
  "8 debug pnpm:_dependency_resolved": {
    "resolution": "registry.npmjs.org/prettier/2.2.1",
    "wanted": {
      "dependentId": ".",
      "name": "prettier",
      "rawSpec": "2.2.1"
    }
  },
  "9 debug pnpm:progress": {
    "packageId": "registry.npmjs.org/prettier/2.2.1",
    "requester": "/home/workspace/reactjs/coding-practices/iplDashboardApp",
    "status": "resolved"
  },
  "10 debug pnpm:_dependency_resolved": {
    "resolution": "registry.npmjs.org/eslint-config-airbnb/18.2.1",
    "wanted": {
      "dependentId": ".",
      "name": "eslint-config-airbnb",
      "rawSpec": "18.2.1"
    }
  },
  "11 debug pnpm:progress": {
    "packageId": "registry.npmjs.org/eslint-config-airbnb/18.2.1",
    "requester": "/home/workspace/reactjs/coding-practices/iplDashboardApp",
    "status": "resolved"
  },
  "12 debug pnpm:_dependency_resolved": {
    "resolution": "registry.npmjs.org/react-scripts/4.0.3",
    "wanted": {
      "dependentId": ".",
      "name": "react-scripts",
      "rawSpec": "4.0.3"
    }
  },
  "13 debug pnpm:progress": {
    "packageId": "registry.npmjs.org/react-scripts/4.0.3",
    "requester": "/home/workspace/reactjs/coding-practices/iplDashboardApp",
    "status": "resolved"
  },
  "14 debug pnpm:_dependency_resolved": {
    "resolution": "registry.npmjs.org/@testing-library/user-event/12.6.2",
    "wanted": {
      "dependentId": ".",
      "name": "@testing-library/user-event",
      "rawSpec": "12.6.2"
    }
  },
  "15 debug pnpm:progress": {
    "packageId": "registry.npmjs.org/@testing-library/user-event/12.6.2",
    "requester": "/home/workspace/reactjs/coding-practices/iplDashboardApp",
    "status": "resolved"
  },
  "16 debug pnpm:_dependency_resolved": {
    "resolution": "registry.npmjs.org/lint-staged/10.5.4",
    "wanted": {
      "dependentId": ".",
      "name": "lint-staged",
      "rawSpec": "10.5.4"
    }
  },
  "17 debug pnpm:progress": {
    "packageId": "registry.npmjs.org/lint-staged/10.5.4",
    "requester": "/home/workspace/reactjs/coding-practices/iplDashboardApp",
    "status": "resolved"
  },
  "18 debug pnpm:_dependency_resolved": {
    "resolution": "registry.npmjs.org/@testing-library/react/11.2.5",
    "wanted": {
      "dependentId": ".",
      "name": "@testing-library/react",
      "rawSpec": "11.2.5"
    }
  },
  "19 debug pnpm:progress": {
    "packageId": "registry.npmjs.org/@testing-library/react/11.2.5",
    "requester": "/home/workspace/reactjs/coding-practices/iplDashboardApp",
    "status": "resolved"
  },
  "20 debug pnpm:fetching-progress": {
    "attempt": 1,
    "packageId": "registry.npmjs.org/@testing-library/jest-dom/5.11.9",
    "size": 23991,
    "status": "started"
  },
  "21 debug pnpm:fetching-progress": {
    "attempt": 1,
    "packageId": "registry.npmjs.org/eslint-config-airbnb/18.2.1",
    "size": 18768,
    "status": "started"
  },
  "22 debug pnpm:_dependency_resolved": {
    "resolution": "registry.npmjs.org/husky/4.3.8",
    "wanted": {
      "dependentId": ".",
      "name": "husky",
      "rawSpec": "4.3.8"
    }
  },
  "23 debug pnpm:progress": {
    "packageId": "registry.npmjs.org/husky/4.3.8",
    "requester": "/home/workspace/reactjs/coding-practices/iplDashboardApp",
    "status": "resolved"
  },
  "24 debug pnpm:fetching-progress": {
    "attempt": 1,
    "packageId": "registry.npmjs.org/prettier/2.2.1",
    "size": 4060459,
    "status": "started"
  },
  "25 debug pnpm:fetching-progress": {
    "attempt": 1,
    "packageId": "registry.npmjs.org/react-scripts/4.0.3",
    "size": 36047,
    "status": "started"
  },
  "26 debug pnpm:fetching-progress": {
    "attempt": 1,
    "packageId": "registry.npmjs.org/eslint-plugin-prettier/3.3.1",
    "size": 15180,
    "status": "started"
  },
  "27 debug pnpm:progress": {
    "packageId": "registry.npmjs.org/eslint-config-airbnb/18.2.1",
    "requester": "/home/workspace/reactjs/coding-practices/iplDashboardApp",
    "status": "fetched"
  },
  "28 debug pnpm:progress": {
    "packageId": "registry.npmjs.org/eslint-plugin-prettier/3.3.1",
    "requester": "/home/workspace/reactjs/coding-practices/iplDashboardApp",
    "status": "fetched"
  },
  "29 debug pnpm:progress": {
    "packageId": "registry.npmjs.org/@testing-library/jest-dom/5.11.9",
    "requester": "/home/workspace/reactjs/coding-practices/iplDashboardApp",
    "status": "fetched"
  },
  "30 debug pnpm:_dependency_resolved": {
    "resolution": "registry.npmjs.org/chalk/4.1.0",
    "wanted": {
      "dependentId": ".",
      "name": "chalk",
      "rawSpec": "4.1.0"
    }
  },
  "31 debug pnpm:progress": {
    "packageId": "registry.npmjs.org/chalk/4.1.0",
    "requester": "/home/workspace/reactjs/coding-practices/iplDashboardApp",
    "status": "resolved"
  },
  "32 debug pnpm:fetching-progress": {
    "attempt": 1,
    "packageId": "registry.npmjs.org/@testing-library/user-event/12.6.2",
    "size": 23040,
    "status": "started"
  },
  "33 debug pnpm:progress": {
    "packageId": "registry.npmjs.org/react-scripts/4.0.3",
    "requester": "/home/workspace/reactjs/coding-practices/iplDashboardApp",
    "status": "fetched"
  },
  "34 debug pnpm:progress": {
    "packageId": "registry.npmjs.org/@testing-library/user-event/12.6.2",
    "requester": "/home/workspace/reactjs/coding-practices/iplDashboardApp",
    "status": "fetched"
  },
  "35 debug pnpm:_dependency_resolved": {
    "resolution": "registry.npmjs.org/eslint-config-prettier/8.1.0",
    "wanted": {
      "dependentId": ".",
      "name": "eslint-config-prettier",
      "rawSpec": "8.1.0"
    }
  },
  "36 debug pnpm:progress": {
    "packageId": "registry.npmjs.org/eslint-config-prettier/8.1.0",
    "requester": "/home/workspace/reactjs/coding-practices/iplDashboardApp",
    "status": "resolved"
  },
  "37 debug pnpm:_dependency_resolved": {
    "resolution": "registry.npmjs.org/history/5.0.0",
    "wanted": {
      "dependentId": ".",
      "name": "history",
      "rawSpec": "5.0.0"
    }
  },
  "38 debug pnpm:progress": {
    "packageId": "registry.npmjs.org/history/5.0.0",
    "requester": "/home/workspace/reactjs/coding-practices/iplDashboardApp",
    "status": "resolved"
  },
  "39 debug pnpm:fetching-progress": {
    "attempt": 1,
    "packageId": "registry.npmjs.org/lint-staged/10.5.4",
    "size": 25912,
    "status": "started"
  },
  "40 debug pnpm:fetching-progress": {
    "attempt": 1,
    "packageId": "registry.npmjs.org/husky/4.3.8",
    "size": 15570,
    "status": "started"
  },
  "41 debug pnpm:progress": {
    "packageId": "registry.npmjs.org/lint-staged/10.5.4",
    "requester": "/home/workspace/reactjs/coding-practices/iplDashboardApp",
    "status": "fetched"
  },
  "42 debug pnpm:_dependency_resolved": {
    "resolution": "registry.npmjs.org/react-loader-spinner/4.0.0",
    "wanted": {
      "dependentId": ".",
      "name": "react-loader-spinner",
      "rawSpec": "4.0.0"
    }
  },
  "43 debug pnpm:progress": {
    "packageId": "registry.npmjs.org/react-loader-spinner/4.0.0",
    "requester": "/home/workspace/reactjs/coding-practices/iplDashboardApp",
    "status": "resolved"
  },
  "44 debug pnpm:fetching-progress": {
    "attempt": 1,
    "packageId": "registry.npmjs.org/chalk/4.1.0",
    "size": 11068,
    "status": "started"
  },
  "45 debug pnpm:fetching-progress": {
    "attempt": 1,
    "packageId": "registry.npmjs.org/eslint-config-prettier/8.1.0",
    "size": 5339,
    "status": "started"
  },
  "46 debug pnpm:_dependency_resolved": {
    "resolution": "registry.npmjs.org/react-router-dom/5.2.0",
    "wanted": {
      "dependentId": ".",
      "name": "react-router-dom",
      "rawSpec": "5.2.0"
    }
  },
  "47 debug pnpm:progress": {
    "packageId": "registry.npmjs.org/react-router-dom/5.2.0",
    "requester": "/home/workspace/reactjs/coding-practices/iplDashboardApp",
    "status": "resolved"
  },
  "48 debug pnpm:progress": {
    "packageId": "registry.npmjs.org/eslint-config-prettier/8.1.0",
    "requester": "/home/workspace/reactjs/coding-practices/iplDashboardApp",
    "status": "fetched"
  },
  "49 debug pnpm:fetching-progress": {
    "attempt": 1,
    "packageId": "registry.npmjs.org/history/5.0.0",
    "size": 14048,
    "status": "started"
  },
  "50 debug pnpm:_dependency_resolved": {
    "resolution": "registry.npmjs.org/npm-run-all/4.1.5",
    "wanted": {
      "dependentId": ".",
      "name": "npm-run-all",
      "rawSpec": "4.1.5"
    }
  },
  "51 debug pnpm:progress": {
    "packageId": "registry.npmjs.org/npm-run-all/4.1.5",
    "requester": "/home/workspace/reactjs/coding-practices/iplDashboardApp",
    "status": "resolved"
  },
  "52 debug pnpm:fetching-progress": {
    "attempt": 1,
    "packageId": "registry.npmjs.org/@testing-library/react/11.2.5",
    "size": 1127207,
    "status": "started"
  },
  "53 debug pnpm:progress": {
    "packageId": "registry.npmjs.org/history/5.0.0",
    "requester": "/home/workspace/reactjs/coding-practices/iplDashboardApp",
    "status": "fetched"
  },
  "54 debug pnpm:progress": {
    "packageId": "registry.npmjs.org/chalk/4.1.0",
    "requester": "/home/workspace/reactjs/coding-practices/iplDashboardApp",
    "status": "fetched"
  },
  "55 debug pnpm:fetching-progress": {
    "attempt": 1,
    "packageId": "registry.npmjs.org/react-loader-spinner/4.0.0",
    "size": 25959,
    "status": "started"
  },
  "56 debug pnpm:fetching-progress": {
    "attempt": 1,
    "packageId": "registry.npmjs.org/npm-run-all/4.1.5",
    "size": 18646,
    "status": "started"
  },
  "57 debug pnpm:progress": {
    "packageId": "registry.npmjs.org/react-loader-spinner/4.0.0",
    "requester": "/home/workspace/reactjs/coding-practices/iplDashboardApp",
    "status": "fetched"
  },
  "58 debug pnpm:progress": {
    "packageId": "registry.npmjs.org/husky/4.3.8",
    "requester": "/home/workspace/reactjs/coding-practices/iplDashboardApp",
    "status": "fetched"
  },
  "59 debug pnpm:progress": {
    "packageId": "registry.npmjs.org/npm-run-all/4.1.5",
    "requester": "/home/workspace/reactjs/coding-practices/iplDashboardApp",
    "status": "fetched"
  },
  "60 debug pnpm:fetching-progress": {
    "attempt": 1,
    "packageId": "registry.npmjs.org/react-router-dom/5.2.0",
    "size": 141724,
    "status": "started"
  },
  "61 debug pnpm:_dependency_resolved": {
    "resolution": "registry.npmjs.org/react-dom/17.0.1",
    "wanted": {
      "dependentId": ".",
      "name": "react-dom",
      "rawSpec": "17.0.1"
    }
  },
  "62 debug pnpm:progress": {
    "packageId": "registry.npmjs.org/react-dom/17.0.1",
    "requester": "/home/workspace/reactjs/coding-practices/iplDashboardApp",
    "status": "resolved"
  },
  "63 debug pnpm:progress": {
    "packageId": "registry.npmjs.org/react-router-dom/5.2.0",
    "requester": "/home/workspace/reactjs/coding-practices/iplDashboardApp",
    "status": "fetched"
  },
  "64 debug pnpm:_dependency_resolved": {
    "resolution": "registry.npmjs.org/msw/0.28.2",
    "wanted": {
      "dependentId": ".",
      "name": "msw",
      "rawSpec": "0.28.2"
    }
  },
  "65 debug pnpm:progress": {
    "packageId": "registry.npmjs.org/msw/0.28.2",
    "requester": "/home/workspace/reactjs/coding-practices/iplDashboardApp",
    "status": "resolved"
  },
  "66 debug pnpm:fetching-progress": {
    "attempt": 1,
    "packageId": "registry.npmjs.org/react-dom/17.0.1",
    "size": 744980,
    "status": "started"
  },
  "67 debug pnpm:progress": {
    "packageId": "registry.npmjs.org/@testing-library/react/11.2.5",
    "requester": "/home/workspace/reactjs/coding-practices/iplDashboardApp",
    "status": "fetched"
  },
  "68 debug pnpm:fetching-progress": {
    "attempt": 1,
    "packageId": "registry.npmjs.org/msw/0.28.2",
    "size": 290268,
    "status": "started"
  },
  "69 debug pnpm:progress": {
    "packageId": "registry.npmjs.org/react-dom/17.0.1",
    "requester": "/home/workspace/reactjs/coding-practices/iplDashboardApp",
    "status": "fetched"
  },
  "70 debug pnpm:progress": {
    "packageId": "registry.npmjs.org/msw/0.28.2",
    "requester": "/home/workspace/reactjs/coding-practices/iplDashboardApp",
    "status": "fetched"
  },
  "71 debug pnpm:_dependency_resolved": {
    "resolution": "registry.npmjs.org/react/17.0.1",
    "wanted": {
      "dependentId": ".",
      "name": "react",
      "rawSpec": "17.0.1"
    }
  },
  "72 debug pnpm:progress": {
    "packageId": "registry.npmjs.org/react/17.0.1",
    "requester": "/home/workspace/reactjs/coding-practices/iplDashboardApp",
    "status": "resolved"
  },
  "73 debug pnpm:_dependency_resolved": {
    "resolution": "registry.npmjs.org/chalk/3.0.0",
    "wanted": {
      "dependentId": "/@testing-library/jest-dom/5.11.9",
      "name": "chalk",
      "rawSpec": "^3.0.0"
    }
  },
  "74 debug pnpm:progress": {
    "packageId": "registry.npmjs.org/chalk/3.0.0",
    "requester": "/home/workspace/reactjs/coding-practices/iplDashboardApp",
    "status": "resolved"
  },
  "75 debug pnpm:_dependency_resolved": {
    "resolution": "registry.npmjs.org/prettier-linter-helpers/1.0.0",
    "wanted": {
      "dependentId": "/eslint-plugin-prettier/3.3.1",
      "name": "prettier-linter-helpers",
      "rawSpec": "^1.0.0"
    }
  },
  "76 debug pnpm:progress": {
    "packageId": "registry.npmjs.org/prettier-linter-helpers/1.0.0",
    "requester": "/home/workspace/reactjs/coding-practices/iplDashboardApp",
    "status": "resolved"
  },
  "77 debug pnpm:_dependency_resolved": {
    "resolution": "registry.npmjs.org/css.escape/1.5.1",
    "wanted": {
      "dependentId": "/@testing-library/jest-dom/5.11.9",
      "name": "css.escape",
      "rawSpec": "^1.5.1"
    }
  },
  "78 debug pnpm:progress": {
    "packageId": "registry.npmjs.org/css.escape/1.5.1",
    "requester": "/home/workspace/reactjs/coding-practices/iplDashboardApp",
    "status": "resolved"
  },
  "79 debug pnpm:fetching-progress": {
    "attempt": 1,
    "packageId": "registry.npmjs.org/react/17.0.1",
    "size": 76543,
    "status": "started"
  },
  "80 debug pnpm:_dependency_resolved": {
    "resolution": "registry.npmjs.org/aria-query/4.2.2",
    "wanted": {
      "dependentId": "/@testing-library/jest-dom/5.11.9",
      "name": "aria-query",
      "rawSpec": "^4.2.2"
    }
  },
  "81 debug pnpm:progress": {
    "packageId": "registry.npmjs.org/aria-query/4.2.2",
    "requester": "/home/workspace/reactjs/coding-practices/iplDashboardApp",
    "status": "resolved"
  },
  "82 debug pnpm:_dependency_resolved": {
    "resolution": "registry.npmjs.org/css/3.0.0",
    "wanted": {
      "dependentId": "/@testing-library/jest-dom/5.11.9",
      "name": "css",
      "rawSpec": "^3.0.0"
    }
  },
  "83 debug pnpm:progress": {
    "packageId": "registry.npmjs.org/css/3.0.0",
    "requester": "/home/workspace/reactjs/coding-practices/iplDashboardApp",
    "status": "resolved"
  },
  "84 debug pnpm:progress": {
    "packageId": "registry.npmjs.org/react/17.0.1",
    "requester": "/home/workspace/reactjs/coding-practices/iplDashboardApp",
    "status": "fetched"
  },
  "85 debug pnpm:_dependency_resolved": {
    "resolution": "registry.npmjs.org/object.assign/4.1.4",
    "wanted": {
      "dependentId": "/eslint-config-airbnb/18.2.1",
      "name": "object.assign",
      "rawSpec": "^4.1.2"
    }
  },
  "86 debug pnpm:progress": {
    "packageId": "registry.npmjs.org/object.assign/4.1.4",
    "requester": "/home/workspace/reactjs/coding-practices/iplDashboardApp",
    "status": "resolved"
  },
  "87 debug pnpm:_dependency_resolved": {
    "resolution": "registry.npmjs.org/redent/3.0.0",
    "wanted": {
      "dependentId": "/@testing-library/jest-dom/5.11.9",
      "name": "redent",
      "rawSpec": "^3.0.0"
    }
  },
  "88 debug pnpm:progress": {
    "packageId": "registry.npmjs.org/redent/3.0.0",
    "requester": "/home/workspace/reactjs/coding-practices/iplDashboardApp",
    "status": "resolved"
  },
  "89 debug pnpm:_dependency_resolved": {
    "resolution": "registry.npmjs.org/@types/testing-library__jest-dom/5.14.9",
    "wanted": {
      "dependentId": "/@testing-library/jest-dom/5.11.9",
      "name": "@types/testing-library__jest-dom",
      "rawSpec": "^5.9.1"
    }
  },
  "90 debug pnpm:progress": {
    "packageId": "registry.npmjs.org/@types/testing-library__jest-dom/5.14.9",
    "requester": "/home/workspace/reactjs/coding-practices/iplDashboardApp",
    "status": "resolved"
  },
  "91 debug pnpm:_dependency_resolved": {
    "resolution": "registry.npmjs.org/lodash/4.17.21",
    "wanted": {
      "dependentId": "/@testing-library/jest-dom/5.11.9",
      "name": "lodash",
      "rawSpec": "^4.17.15"
    }
  },
  "92 debug pnpm:progress": {
    "packageId": "registry.npmjs.org/lodash/4.17.21",
    "requester": "/home/workspace/reactjs/coding-practices/iplDashboardApp",
    "status": "resolved"
  },
  "93 debug pnpm:_dependency_resolved": {
    "resolution": "registry.npmjs.org/object.entries/1.1.7",
    "wanted": {
      "dependentId": "/eslint-config-airbnb/18.2.1",
      "name": "object.entries",
      "rawSpec": "^1.1.2"
    }
  },
  "94 debug pnpm:progress": {
    "packageId": "registry.npmjs.org/object.entries/1.1.7",
    "requester": "/home/workspace/reactjs/coding-practices/iplDashboardApp",
    "status": "resolved"
  },
  "95 debug pnpm:fetching-progress": {
    "attempt": 1,
    "packageId": "registry.npmjs.org/chalk/3.0.0",
    "size": 10923,
    "status": "started"
  },
  "96 debug pnpm:fetching-progress": {
    "attempt": 1,
    "packageId": "registry.npmjs.org/aria-query/4.2.2",
    "size": 23429,
    "status": "started"
  },
  "97 debug pnpm:progress": {
    "packageId": "registry.npmjs.org/chalk/3.0.0",
    "requester": "/home/workspace/reactjs/coding-practices/iplDashboardApp",
    "status": "fetched"
  },
  "98 debug pnpm:fetching-progress": {
    "attempt": 1,
    "packageId": "registry.npmjs.org/css.escape/1.5.1",
    "size": 2955,
    "status": "started"
  },
  "99 debug pnpm:fetching-progress": {
    "attempt": 1,
    "packageId": "registry.npmjs.org/object.assign/4.1.4",
    "size": 282323,
    "status": "started"
  },
  "100 debug pnpm:progress": {
    "packageId": "registry.npmjs.org/css.escape/1.5.1",
    "requester": "/home/workspace/reactjs/coding-practices/iplDashboardApp",
    "status": "fetched"
  },
  "101 debug pnpm:progress": {
    "packageId": "registry.npmjs.org/aria-query/4.2.2",
    "requester": "/home/workspace/reactjs/coding-practices/iplDashboardApp",
    "status": "fetched"
  },
  "102 debug pnpm:fetching-progress": {
    "attempt": 1,
    "packageId": "registry.npmjs.org/prettier-linter-helpers/1.0.0",
    "size": 4297,
    "status": "started"
  },
  "103 debug pnpm:fetching-progress": {
    "attempt": 1,
    "packageId": "registry.npmjs.org/css/3.0.0",
    "size": 9437,
    "status": "started"
  },
  "104 debug pnpm:progress": {
    "packageId": "registry.npmjs.org/prettier-linter-helpers/1.0.0",
    "requester": "/home/workspace/reactjs/coding-practices/iplDashboardApp",
    "status": "fetched"
  },
  "105 debug pnpm:progress": {
    "packageId": "registry.npmjs.org/css/3.0.0",
    "requester": "/home/workspace/reactjs/coding-practices/iplDashboardApp",
    "status": "fetched"
  },
  "106 debug pnpm:fetching-progress": {
    "attempt": 1,
    "packageId": "registry.npmjs.org/redent/3.0.0",
    "size": 1814,
    "status": "started"
  },
  "107 debug pnpm:progress": {
    "packageId": "registry.npmjs.org/redent/3.0.0",
    "requester": "/home/workspace/reactjs/coding-practices/iplDashboardApp",
    "status": "fetched"
  },
  "108 warn pnpm:install-check": {
    "message": "Unsupported platform for registry.npmjs.org/fsevents/2.3.3: wanted {\"cpu\":[\"any\"],\"os\":[\"darwin\"]} (current: {\"os\":\"linux\",\"cpu\":\"x64\"})",
    "prefix": "/home/workspace/reactjs/coding-practices/iplDashboardApp"
  },
  "109 debug pnpm:skipped-optional-dependency": {
    "details": "Error: Unsupported platform for registry.npmjs.org/fsevents/2.3.3: wanted {\"cpu\":[\"any\"],\"os\":[\"darwin\"]} (current: {\"os\":\"linux\",\"cpu\":\"x64\"})",
    "package": {
      "id": "registry.npmjs.org/fsevents/2.3.3",
      "name": "fsevents",
      "version": "2.3.3"
    },
    "prefix": "/home/workspace/reactjs/coding-practices/iplDashboardApp",
    "reason": "unsupported_platform"
  },
  "110 debug pnpm:_dependency_resolved": {
    "resolution": "registry.npmjs.org/fsevents/2.3.3",
    "wanted": {
      "dependentId": "/react-scripts/4.0.3",
      "name": "fsevents",
      "rawSpec": "^2.1.3"
    }
  },
  "111 debug pnpm:progress": {
    "packageId": "registry.npmjs.org/fsevents/2.3.3",
    "requester": "/home/workspace/reactjs/coding-practices/iplDashboardApp",
    "status": "resolved"
  },
  "112 debug pnpm:_dependency_resolved": {
    "resolution": "registry.npmjs.org/@babel/runtime/7.23.2",
    "wanted": {
      "dependentId": "/@testing-library/jest-dom/5.11.9",
      "name": "@babel/runtime",
      "rawSpec": "^7.9.2"
    }
  },
  "113 debug pnpm:progress": {
    "packageId": "registry.npmjs.org/@babel/runtime/7.23.2",
    "requester": "/home/workspace/reactjs/coding-practices/iplDashboardApp",
    "status": "resolved"
  },
  "114 debug pnpm:_dependency_resolved": {
    "resolution": "registry.npmjs.org/eslint-config-airbnb-base/14.2.1",
    "wanted": {
      "dependentId": "/eslint-config-airbnb/18.2.1",
      "name": "eslint-config-airbnb-base",
      "rawSpec": "^14.2.1"
    }
  },
  "115 debug pnpm:progress": {
    "packageId": "registry.npmjs.org/eslint-config-airbnb-base/14.2.1",
    "requester": "/home/workspace/reactjs/coding-practices/iplDashboardApp",
    "status": "resolved"
  },
  "116 debug pnpm:fetching-progress": {
    "attempt": 1,
    "packageId": "registry.npmjs.org/lodash/4.17.21",
    "size": 318961,
    "status": "started"
  },
  "117 debug pnpm:fetching-progress": {
    "attempt": 1,
    "packageId": "registry.npmjs.org/object.entries/1.1.7",
    "size": 10365,
    "status": "started"
  },
  "118 debug pnpm:progress": {
    "packageId": "registry.npmjs.org/object.entries/1.1.7",
    "requester": "/home/workspace/reactjs/coding-practices/iplDashboardApp",
    "status": "fetched"
  },
  "119 debug pnpm:fetching-progress": {
    "attempt": 1,
    "packageId": "registry.npmjs.org/@types/testing-library__jest-dom/5.14.9",
    "size": 7777,
    "status": "started"
  },
  "120 debug pnpm:progress": {
    "packageId": "registry.npmjs.org/@types/testing-library__jest-dom/5.14.9",
    "requester": "/home/workspace/reactjs/coding-practices/iplDashboardApp",
    "status": "fetched"
  },
  "121 debug pnpm:fetching-progress": {
    "attempt": 1,
    "packageId": "registry.npmjs.org/eslint-config-airbnb-base/14.2.1",
    "size": 22837,
    "status": "started"
  },
  "122 debug pnpm:_dependency_resolved": {
    "resolution": "registry.npmjs.org/@svgr/webpack/5.5.0",
    "wanted": {
      "dependentId": "/react-scripts/4.0.3",
      "name": "@svgr/webpack",
      "rawSpec": "5.5.0"
    }
  },
  "123 debug pnpm:progress": {
    "packageId": "registry.npmjs.org/@svgr/webpack/5.5.0",
    "requester": "/home/workspace/reactjs/coding-practices/iplDashboardApp",
    "status": "resolved"
  },
  "124 debug pnpm:progress": {
    "packageId": "registry.npmjs.org/eslint-config-airbnb-base/14.2.1",
    "requester": "/home/workspace/reactjs/coding-practices/iplDashboardApp",
    "status": "fetched"
  },
  "125 debug pnpm:_dependency_resolved": {
    "resolution": "registry.npmjs.org/babel-loader/8.1.0",
    "wanted": {
      "dependentId": "/react-scripts/4.0.3",
      "name": "babel-loader",
      "rawSpec": "8.1.0"
    }
  },
  "126 debug pnpm:progress": {
    "packageId": "registry.npmjs.org/babel-loader/8.1.0",
    "requester": "/home/workspace/reactjs/coding-practices/iplDashboardApp",
    "status": "resolved"
  },
  "127 debug pnpm:_dependency_resolved": {
    "resolution": "registry.npmjs.org/bfj/7.1.0",
    "wanted": {
      "dependentId": "/react-scripts/4.0.3",
      "name": "bfj",
      "rawSpec": "^7.0.2"
    }
  },
  "128 debug pnpm:progress": {
    "packageId": "registry.npmjs.org/bfj/7.1.0",
    "requester": "/home/workspace/reactjs/coding-practices/iplDashboardApp",
    "status": "resolved"
  },
  "129 debug pnpm:fetching-progress": {
    "attempt": 1,
    "packageId": "registry.npmjs.org/@babel/runtime/7.23.2",
    "size": 52837,
    "status": "started"
  },
  "130 debug pnpm:progress": {
    "packageId": "registry.npmjs.org/@babel/runtime/7.23.2",
    "requester": "/home/workspace/reactjs/coding-practices/iplDashboardApp",
    "status": "fetched"
  },
  "131 debug pnpm:_dependency_resolved": {
    "resolution": "registry.npmjs.org/camelcase/6.3.0",
    "wanted": {
      "dependentId": "/react-scripts/4.0.3",
      "name": "camelcase",
      "rawSpec": "^6.1.0"
    }
  },
  "132 debug pnpm:progress": {
    "packageId": "registry.npmjs.org/camelcase/6.3.0",
    "requester": "/home/workspace/reactjs/coding-practices/iplDashboardApp",
    "status": "resolved"
  },
  "133 debug pnpm:_dependency_resolved": {
    "resolution": "registry.npmjs.org/@pmmmwh/react-refresh-webpack-plugin/0.4.3",
    "wanted": {
      "dependentId": "/react-scripts/4.0.3",
      "name": "@pmmmwh/react-refresh-webpack-plugin",
      "rawSpec": "0.4.3"
    }
  },
  "134 debug pnpm:progress": {
    "packageId": "registry.npmjs.org/@pmmmwh/react-refresh-webpack-plugin/0.4.3",
    "requester": "/home/workspace/reactjs/coding-practices/iplDashboardApp",
    "status": "resolved"
  },
  "135 debug pnpm:progress": {
    "packageId": "registry.npmjs.org/object.assign/4.1.4",
    "requester": "/home/workspace/reactjs/coding-practices/iplDashboardApp",
    "status": "fetched"
  },
  "136 debug pnpm:fetching-progress": {
    "attempt": 1,
    "packageId": "registry.npmjs.org/@pmmmwh/react-refresh-webpack-plugin/0.4.3",
    "size": 30529,
    "status": "started"
  },
  "137 debug pnpm:progress": {
    "packageId": "registry.npmjs.org/@pmmmwh/react-refresh-webpack-plugin/0.4.3",
    "requester": "/home/workspace/reactjs/coding-practices/iplDashboardApp",
    "status": "fetched"
  },
  "138 debug pnpm:_dependency_resolved": {
    "resolution": "registry.npmjs.org/css-loader/4.3.0",
    "wanted": {
      "dependentId": "/react-scripts/4.0.3",
      "name": "css-loader",
      "rawSpec": "4.3.0"
    }
  },
  "139 debug pnpm:progress": {
    "packageId": "registry.npmjs.org/css-loader/4.3.0",
    "requester": "/home/workspace/reactjs/coding-practices/iplDashboardApp",
    "status": "resolved"
  },
  "140 debug pnpm:_dependency_resolved": {
    "resolution": "registry.npmjs.org/dotenv-expand/5.1.0",
    "wanted": {
      "dependentId": "/react-scripts/4.0.3",
      "name": "dotenv-expand",
      "rawSpec": "5.1.0"
    }
  },
  "141 debug pnpm:progress": {
    "packageId": "registry.npmjs.org/dotenv-expand/5.1.0",
    "requester": "/home/workspace/reactjs/coding-practices/iplDashboardApp",
    "status": "resolved"
  },
  "142 debug pnpm:_dependency_resolved": {
    "resolution": "registry.npmjs.org/dotenv/8.2.0",
    "wanted": {
      "dependentId": "/react-scripts/4.0.3",
      "name": "dotenv",
      "rawSpec": "8.2.0"
    }
  },
  "143 debug pnpm:progress": {
    "packageId": "registry.npmjs.org/dotenv/8.2.0",
    "requester": "/home/workspace/reactjs/coding-practices/iplDashboardApp",
    "status": "resolved"
  },
  "144 debug pnpm:fetching-progress": {
    "attempt": 1,
    "packageId": "registry.npmjs.org/bfj/7.1.0",
    "size": 47697,
    "status": "started"
  },
  "145 debug pnpm:_dependency_resolved": {
    "resolution": "registry.npmjs.org/babel-preset-react-app/10.0.1",
    "wanted": {
      "dependentId": "/react-scripts/4.0.3",
      "name": "babel-preset-react-app",
      "rawSpec": "^10.0.0"
    }
  },
  "146 debug pnpm:progress": {
    "packageId": "registry.npmjs.org/babel-preset-react-app/10.0.1",
    "requester": "/home/workspace/reactjs/coding-practices/iplDashboardApp",
    "status": "resolved"
  },
  "147 debug pnpm:fetching-progress": {
    "attempt": 1,
    "packageId": "registry.npmjs.org/@svgr/webpack/5.5.0",
    "size": 4520,
    "status": "started"
  },
  "148 debug pnpm:fetching-progress": {
    "attempt": 1,
    "packageId": "registry.npmjs.org/dotenv/8.2.0",
    "size": 8866,
    "status": "started"
  },
  "149 debug pnpm:progress": {
    "packageId": "registry.npmjs.org/dotenv/8.2.0",
    "requester": "/home/workspace/reactjs/coding-practices/iplDashboardApp",
    "status": "fetched"
  },
  "150 debug pnpm:fetching-progress": {
    "attempt": 1,
    "packageId": "registry.npmjs.org/babel-preset-react-app/10.0.1",
    "size": 5498,
    "status": "started"
  },
  "151 debug pnpm:_dependency_resolved": {
    "resolution": "registry.npmjs.org/case-sensitive-paths-webpack-plugin/2.3.0",
    "wanted": {
      "dependentId": "/react-scripts/4.0.3",
      "name": "case-sensitive-paths-webpack-plugin",
      "rawSpec": "2.3.0"
    }
  },
  "152 debug pnpm:progress": {
    "packageId": "registry.npmjs.org/case-sensitive-paths-webpack-plugin/2.3.0",
    "requester": "/home/workspace/reactjs/coding-practices/iplDashboardApp",
    "status": "resolved"
  },
  "153 debug pnpm:progress": {
    "packageId": "registry.npmjs.org/babel-preset-react-app/10.0.1",
    "requester": "/home/workspace/reactjs/coding-practices/iplDashboardApp",
    "status": "fetched"
  },
  "154 debug pnpm:_dependency_resolved": {
    "resolution": "registry.npmjs.org/eslint-config-react-app/6.0.0",
    "wanted": {
      "dependentId": "/react-scripts/4.0.3",
      "name": "eslint-config-react-app",
      "rawSpec": "^6.0.0"
    }
  },
  "155 debug pnpm:progress": {
    "packageId": "registry.npmjs.org/eslint-config-react-app/6.0.0",
    "requester": "/home/workspace/reactjs/coding-practices/iplDashboardApp",
    "status": "resolved"
  },
  "156 debug pnpm:fetching-progress": {
    "attempt": 1,
    "packageId": "registry.npmjs.org/case-sensitive-paths-webpack-plugin/2.3.0",
    "size": 6076,
    "status": "started"
  },
  "157 debug pnpm:progress": {
    "packageId": "registry.npmjs.org/case-sensitive-paths-webpack-plugin/2.3.0",
    "requester": "/home/workspace/reactjs/coding-practices/iplDashboardApp",
    "status": "fetched"
  },
  "158 debug pnpm:request-retry": {
    "attempt": 1,
    "error": {
      "type": "system",
      "errno": "ECONNRESET",
      "code": "ECONNRESET",
      "attempts": 1,
      "resource": "https://registry.npmjs.org/css-loader/-/css-loader-4.3.0.tgz"
    },
    "maxRetries": 2,
    "method": "GET",
    "timeout": 10000,
    "url": "https://registry.npmjs.org/css-loader/-/css-loader-4.3.0.tgz"
  },
  "159 debug pnpm:request-retry": {
    "attempt": 1,
    "error": {
      "type": "system",
      "errno": "ECONNRESET",
      "code": "ECONNRESET",
      "attempts": 1,
      "resource": "https://registry.npmjs.org/dotenv-expand/-/dotenv-expand-5.1.0.tgz"
    },
    "maxRetries": 2,
    "method": "GET",
    "timeout": 10000,
    "url": "https://registry.npmjs.org/dotenv-expand/-/dotenv-expand-5.1.0.tgz"
  },
  "160 debug pnpm:request-retry": {
    "attempt": 1,
    "error": {
      "type": "system",
      "errno": "ECONNRESET",
      "code": "ECONNRESET"
    },
    "maxRetries": 2,
    "method": "GET",
    "timeout": 10000,
    "url": "https://registry.npmjs.org/eslint-plugin-flowtype"
  },
  "161 debug pnpm:request-retry": {
    "attempt": 1,
    "error": {
      "type": "system",
      "errno": "ERR_SOCKET_TIMEOUT",
      "code": "ERR_SOCKET_TIMEOUT",
      "attempts": 1,
      "resource": "https://registry.npmjs.org/camelcase/-/camelcase-6.3.0.tgz"
    },
    "maxRetries": 2,
    "method": "GET",
    "timeout": 10000,
    "url": "https://registry.npmjs.org/camelcase/-/camelcase-6.3.0.tgz"
  },
  "162 debug pnpm:request-retry": {
    "attempt": 1,
    "error": {
      "type": "system",
      "errno": "ECONNRESET",
      "code": "ECONNRESET",
      "attempts": 1,
      "resource": "https://registry.npmjs.org/eslint-config-react-app/-/eslint-config-react-app-6.0.0.tgz"
    },
    "maxRetries": 2,
    "method": "GET",
    "timeout": 10000,
    "url": "https://registry.npmjs.org/eslint-config-react-app/-/eslint-config-react-app-6.0.0.tgz"
  },
  "163 debug pnpm:_dependency_resolved": {
    "resolution": "registry.npmjs.org/@babel/core/7.12.3",
    "wanted": {
      "dependentId": "/react-scripts/4.0.3",
      "name": "@babel/core",
      "rawSpec": "7.12.3"
    }
  },
  "164 debug pnpm:progress": {
    "packageId": "registry.npmjs.org/@babel/core/7.12.3",
    "requester": "/home/workspace/reactjs/coding-practices/iplDashboardApp",
    "status": "resolved"
  },
  "165 debug pnpm:_dependency_resolved": {
    "resolution": "registry.npmjs.org/babel-jest/26.6.3",
    "wanted": {
      "dependentId": "/react-scripts/4.0.3",
      "name": "babel-jest",
      "rawSpec": "^26.6.0"
    }
  },
  "166 debug pnpm:progress": {
    "packageId": "registry.npmjs.org/babel-jest/26.6.3",
    "requester": "/home/workspace/reactjs/coding-practices/iplDashboardApp",
    "status": "resolved"
  },
  "167 debug pnpm:_dependency_resolved": {
    "resolution": "registry.npmjs.org/eslint/7.32.0",
    "wanted": {
      "dependentId": "/react-scripts/4.0.3",
      "name": "eslint",
      "rawSpec": "^7.11.0"
    }
  },
  "168 debug pnpm:progress": {
    "packageId": "registry.npmjs.org/eslint/7.32.0",
    "requester": "/home/workspace/reactjs/coding-practices/iplDashboardApp",
    "status": "resolved"
  },
  "169 debug pnpm:_dependency_resolved": {
    "resolution": "registry.npmjs.org/babel-eslint/10.1.0",
    "wanted": {
      "dependentId": "/react-scripts/4.0.3",
      "name": "babel-eslint",
      "rawSpec": "^10.1.0"
    }
  },
  "170 debug pnpm:deprecation": {
    "deprecated": "babel-eslint is now @babel/eslint-parser. This package will no longer receive updates.",
    "depth": 1,
    "pkgId": "registry.npmjs.org/babel-eslint/10.1.0",
    "pkgName": "babel-eslint",
    "pkgVersion": "10.1.0",
    "prefix": "/home/workspace/reactjs/coding-practices/iplDashboardApp"
  },
  "171 debug pnpm:progress": {
    "packageId": "registry.npmjs.org/babel-eslint/10.1.0",
    "requester": "/home/workspace/reactjs/coding-practices/iplDashboardApp",
    "status": "resolved"
  },
  "172 debug pnpm:progress": {
    "packageId": "registry.npmjs.org/@svgr/webpack/5.5.0",
    "requester": "/home/workspace/reactjs/coding-practices/iplDashboardApp",
    "status": "fetched"
  },
  "173 debug pnpm:fetching-progress": {
    "attempt": 1,
    "packageId": "registry.npmjs.org/babel-jest/26.6.3",
    "size": 3946,
    "status": "started"
  },
  "174 debug pnpm:fetching-progress": {
    "attempt": 1,
    "packageId": "registry.npmjs.org/eslint/7.32.0",
    "size": 672397,
    "status": "started"
  },
  "175 debug pnpm:progress": {
    "packageId": "registry.npmjs.org/babel-jest/26.6.3",
    "requester": "/home/workspace/reactjs/coding-practices/iplDashboardApp",
    "status": "fetched"
  },
  "176 debug pnpm:fetching-progress": {
    "attempt": 1,
    "packageId": "registry.npmjs.org/babel-eslint/10.1.0",
    "size": 9425,
    "status": "started"
  },
  "177 debug pnpm:fetching-progress": {
    "attempt": 1,
    "packageId": "registry.npmjs.org/@babel/core/7.12.3",
    "size": 37352,
    "status": "started"
  },
  "178 debug pnpm:progress": {
    "packageId": "registry.npmjs.org/babel-eslint/10.1.0",
    "requester": "/home/workspace/reactjs/coding-practices/iplDashboardApp",
    "status": "fetched"
  },
  "179 debug pnpm:progress": {
    "packageId": "registry.npmjs.org/@babel/core/7.12.3",
    "requester": "/home/workspace/reactjs/coding-practices/iplDashboardApp",
    "status": "fetched"
  },
  "180 debug pnpm:_dependency_resolved": {
    "resolution": "registry.npmjs.org/eslint-plugin-jsx-a11y/6.7.1",
    "wanted": {
      "dependentId": "/react-scripts/4.0.3",
      "name": "eslint-plugin-jsx-a11y",
      "rawSpec": "^6.3.1"
    }
  },
  "181 debug pnpm:progress": {
    "packageId": "registry.npmjs.org/eslint-plugin-jsx-a11y/6.7.1",
    "requester": "/home/workspace/reactjs/coding-practices/iplDashboardApp",
    "status": "resolved"
  },
  "182 debug pnpm:_dependency_resolved": {
    "resolution": "registry.npmjs.org/eslint-plugin-jest/24.7.0",
    "wanted": {
      "dependentId": "/react-scripts/4.0.3",
      "name": "eslint-plugin-jest",
      "rawSpec": "^24.1.0"
    }
  },
  "183 debug pnpm:progress": {
    "packageId": "registry.npmjs.org/eslint-plugin-jest/24.7.0",
    "requester": "/home/workspace/reactjs/coding-practices/iplDashboardApp",
    "status": "resolved"
  },
  "184 debug pnpm:fetching-progress": {
    "attempt": 2,
    "packageId": "registry.npmjs.org/dotenv-expand/5.1.0",
    "size": 12587,
    "status": "started"
  },
  "185 debug pnpm:progress": {
    "packageId": "registry.npmjs.org/dotenv-expand/5.1.0",
    "requester": "/home/workspace/reactjs/coding-practices/iplDashboardApp",
    "status": "fetched"
  },
  "186 debug pnpm:request-retry": {
    "attempt": 2,
    "error": {
      "type": "system",
      "errno": "ECONNRESET",
      "code": "ECONNRESET",
      "attempts": 2,
      "resource": "https://registry.npmjs.org/css-loader/-/css-loader-4.3.0.tgz"
    },
    "maxRetries": 2,
    "method": "GET",
    "timeout": 60000,
    "url": "https://registry.npmjs.org/css-loader/-/css-loader-4.3.0.tgz"
  },
  "187 debug pnpm:request-retry": {
    "attempt": 1,
    "error": {
      "type": "system",
      "errno": "ECONNRESET",
      "code": "ECONNRESET"
    },
    "maxRetries": 2,
    "method": "GET",
    "timeout": 10000,
    "url": "https://registry.npmjs.org/eslint-plugin-react-hooks"
  },
  "188 debug pnpm:request-retry": {
    "attempt": 1,
    "error": {
      "type": "system",
      "errno": "ECONNRESET",
      "code": "ECONNRESET",
      "attempts": 1,
      "resource": "https://registry.npmjs.org/eslint-plugin-jsx-a11y/-/eslint-plugin-jsx-a11y-6.7.1.tgz"
    },
    "maxRetries": 2,
    "method": "GET",
    "timeout": 10000,
    "url": "https://registry.npmjs.org/eslint-plugin-jsx-a11y/-/eslint-plugin-jsx-a11y-6.7.1.tgz"
  },
  "189 debug pnpm:request-retry": {
    "attempt": 2,
    "error": {
      "type": "system",
      "errno": "ECONNRESET",
      "code": "ECONNRESET"
    },
    "maxRetries": 2,
    "method": "GET",
    "timeout": 60000,
    "url": "https://registry.npmjs.org/eslint-plugin-flowtype"
  },
  "190 debug pnpm:request-retry": {
    "attempt": 2,
    "error": {
      "type": "system",
      "errno": "ECONNRESET",
      "code": "ECONNRESET",
      "attempts": 2,
      "resource": "https://registry.npmjs.org/camelcase/-/camelcase-6.3.0.tgz"
    },
    "maxRetries": 2,
    "method": "GET",
    "timeout": 60000,
    "url": "https://registry.npmjs.org/camelcase/-/camelcase-6.3.0.tgz"
  },
  "191 debug pnpm:request-retry": {
    "attempt": 2,
    "error": {
      "type": "system",
      "errno": "ECONNRESET",
      "code": "ECONNRESET",
      "attempts": 2,
      "resource": "https://registry.npmjs.org/eslint-config-react-app/-/eslint-config-react-app-6.0.0.tgz"
    },
    "maxRetries": 2,
    "method": "GET",
    "timeout": 60000,
    "url": "https://registry.npmjs.org/eslint-config-react-app/-/eslint-config-react-app-6.0.0.tgz"
  },
  "192 debug pnpm:request-retry": {
    "attempt": 2,
    "error": {
      "type": "system",
      "errno": "ENOTFOUND",
      "code": "ENOTFOUND",
      "erroredSysCall": "getaddrinfo"
    },
    "maxRetries": 2,
    "method": "GET",
    "timeout": 60000,
    "url": "https://registry.npmjs.org/eslint-plugin-react-hooks"
  },
  "193 debug pnpm:fetching-progress": {
    "attempt": 2,
    "packageId": "registry.npmjs.org/eslint-plugin-jsx-a11y/6.7.1",
    "size": 120730,
    "status": "started"
  },
  "194 debug pnpm:progress": {
    "packageId": "registry.npmjs.org/eslint-plugin-jsx-a11y/6.7.1",
    "requester": "/home/workspace/reactjs/coding-practices/iplDashboardApp",
    "status": "fetched"
  },
  "195 debug pnpm:_dependency_resolved": {
    "resolution": "registry.npmjs.org/eslint-plugin-testing-library/3.10.2",
    "wanted": {
      "dependentId": "/react-scripts/4.0.3",
      "name": "eslint-plugin-testing-library",
      "rawSpec": "^3.9.2"
    }
  },
  "196 debug pnpm:progress": {
    "packageId": "registry.npmjs.org/eslint-plugin-testing-library/3.10.2",
    "requester": "/home/workspace/reactjs/coding-practices/iplDashboardApp",
    "status": "resolved"
  },
  "197 debug pnpm:_dependency_resolved": {
    "resolution": "registry.npmjs.org/eslint-webpack-plugin/2.7.0",
    "wanted": {
      "dependentId": "/react-scripts/4.0.3",
      "name": "eslint-webpack-plugin",
      "rawSpec": "^2.5.2"
    }
  },
  "198 debug pnpm:progress": {
    "packageId": "registry.npmjs.org/eslint-webpack-plugin/2.7.0",
    "requester": "/home/workspace/reactjs/coding-practices/iplDashboardApp",
    "status": "resolved"
  },
  "199 debug pnpm:progress": {
    "packageId": "registry.npmjs.org/bfj/7.1.0",
    "requester": "/home/workspace/reactjs/coding-practices/iplDashboardApp",
    "status": "fetched"
  },
  "200 debug pnpm:fetching-progress": {
    "attempt": 1,
    "packageId": "registry.npmjs.org/eslint-webpack-plugin/2.7.0",
    "size": 11216,
    "status": "started"
  },
  "201 debug pnpm:_dependency_resolved": {
    "resolution": "registry.npmjs.org/file-loader/6.1.1",
    "wanted": {
      "dependentId": "/react-scripts/4.0.3",
      "name": "file-loader",
      "rawSpec": "6.1.1"
    }
  },
  "202 debug pnpm:progress": {
    "packageId": "registry.npmjs.org/file-loader/6.1.1",
    "requester": "/home/workspace/reactjs/coding-practices/iplDashboardApp",
    "status": "resolved"
  },
  "203 debug pnpm:fetching-progress": {
    "attempt": 1,
    "packageId": "registry.npmjs.org/eslint-plugin-jest/24.7.0",
    "size": 64925,
    "status": "started"
  },
  "204 debug pnpm:_dependency_resolved": {
    "resolution": "registry.npmjs.org/fs-extra/9.1.0",
    "wanted": {
      "dependentId": "/react-scripts/4.0.3",
      "name": "fs-extra",
      "rawSpec": "^9.0.1"
    }
  },
  "205 debug pnpm:progress": {
    "packageId": "registry.npmjs.org/fs-extra/9.1.0",
    "requester": "/home/workspace/reactjs/coding-practices/iplDashboardApp",
    "status": "resolved"
  },
  "206 debug pnpm:fetching-progress": {
    "attempt": 1,
    "packageId": "registry.npmjs.org/file-loader/6.1.1",
    "size": 9302,
    "status": "started"
  },
  "207 debug pnpm:progress": {
    "packageId": "registry.npmjs.org/file-loader/6.1.1",
    "requester": "/home/workspace/reactjs/coding-practices/iplDashboardApp",
    "status": "fetched"
  },
  "208 debug pnpm:progress": {
    "packageId": "registry.npmjs.org/eslint-plugin-jest/24.7.0",
    "requester": "/home/workspace/reactjs/coding-practices/iplDashboardApp",
    "status": "fetched"
  },
  "209 debug pnpm:progress": {
    "packageId": "registry.npmjs.org/lodash/4.17.21",
    "requester": "/home/workspace/reactjs/coding-practices/iplDashboardApp",
    "status": "fetched"
  },
  "210 debug pnpm:_dependency_resolved": {
    "resolution": "registry.npmjs.org/identity-obj-proxy/3.0.0",
    "wanted": {
      "dependentId": "/react-scripts/4.0.3",
      "name": "identity-obj-proxy",
      "rawSpec": "3.0.0"
    }
  },
  "211 debug pnpm:progress": {
    "packageId": "registry.npmjs.org/identity-obj-proxy/3.0.0",
    "requester": "/home/workspace/reactjs/coding-practices/iplDashboardApp",
    "status": "resolved"
  },
  "212 debug pnpm:_dependency_resolved": {
    "resolution": "registry.npmjs.org/jest/26.6.0",
    "wanted": {
      "dependentId": "/react-scripts/4.0.3",
      "name": "jest",
      "rawSpec": "26.6.0"
    }
  },
  "213 debug pnpm:progress": {
    "packageId": "registry.npmjs.org/jest/26.6.0",
    "requester": "/home/workspace/reactjs/coding-practices/iplDashboardApp",
    "status": "resolved"
  },
  "214 debug pnpm:request-retry": {
    "attempt": 1,
    "error": {
      "type": "system",
      "errno": "ECONNRESET",
      "code": "ECONNRESET",
      "attempts": 1,
      "resource": "https://registry.npmjs.org/fs-extra/-/fs-extra-9.1.0.tgz"
    },
    "maxRetries": 2,
    "method": "GET",
    "timeout": 10000,
    "url": "https://registry.npmjs.org/fs-extra/-/fs-extra-9.1.0.tgz"
  },
  "215 debug pnpm:fetching-progress": {
    "attempt": 1,
    "packageId": "registry.npmjs.org/identity-obj-proxy/3.0.0",
    "size": 5262,
    "status": "started"
  },
  "216 debug pnpm:progress": {
    "packageId": "registry.npmjs.org/eslint-webpack-plugin/2.7.0",
    "requester": "/home/workspace/reactjs/coding-practices/iplDashboardApp",
    "status": "fetched"
  },
  "217 debug pnpm:progress": {
    "packageId": "registry.npmjs.org/identity-obj-proxy/3.0.0",
    "requester": "/home/workspace/reactjs/coding-practices/iplDashboardApp",
    "status": "fetched"
  },
  "218 debug pnpm:_dependency_resolved": {
    "resolution": "registry.npmjs.org/eslint-plugin-import/2.29.0",
    "wanted": {
      "dependentId": "/react-scripts/4.0.3",
      "name": "eslint-plugin-import",
      "rawSpec": "^2.22.1"
    }
  },
  "219 debug pnpm:progress": {
    "packageId": "registry.npmjs.org/eslint-plugin-import/2.29.0",
    "requester": "/home/workspace/reactjs/coding-practices/iplDashboardApp",
    "status": "resolved"
  },
  "220 debug pnpm:fetching-progress": {
    "attempt": 3,
    "packageId": "registry.npmjs.org/css-loader/4.3.0",
    "size": 27887,
    "status": "started"
  },
  "221 debug pnpm:progress": {
    "packageId": "registry.npmjs.org/css-loader/4.3.0",
    "requester": "/home/workspace/reactjs/coding-practices/iplDashboardApp",
    "status": "fetched"
  },
  "222 debug pnpm:fetching-progress": {
    "attempt": 1,
    "packageId": "registry.npmjs.org/eslint-plugin-import/2.29.0",
    "size": 349688,
    "status": "started"
  },
  "223 debug pnpm:progress": {
    "packageId": "registry.npmjs.org/eslint-plugin-import/2.29.0",
    "requester": "/home/workspace/reactjs/coding-practices/iplDashboardApp",
    "status": "fetched"
  },
  "224 debug pnpm:_dependency_resolved": {
    "resolution": "registry.npmjs.org/jest-resolve/26.6.0",
    "wanted": {
      "dependentId": "/react-scripts/4.0.3",
      "name": "jest-resolve",
      "rawSpec": "26.6.0"
    }
  },
  "225 debug pnpm:progress": {
    "packageId": "registry.npmjs.org/jest-resolve/26.6.0",
    "requester": "/home/workspace/reactjs/coding-practices/iplDashboardApp",
    "status": "resolved"
  },
  "226 debug pnpm:fetching-progress": {
    "attempt": 3,
    "packageId": "registry.npmjs.org/camelcase/6.3.0",
    "size": 3843,
    "status": "started"
  },
  "227 debug pnpm:progress": {
    "packageId": "registry.npmjs.org/camelcase/6.3.0",
    "requester": "/home/workspace/reactjs/coding-practices/iplDashboardApp",
    "status": "fetched"
  },
  "228 debug pnpm:fetching-progress": {
    "attempt": 1,
    "packageId": "registry.npmjs.org/jest/26.6.0",
    "size": 2109,
    "status": "started"
  },
  "229 debug pnpm:progress": {
    "packageId": "registry.npmjs.org/jest/26.6.0",
    "requester": "/home/workspace/reactjs/coding-practices/iplDashboardApp",
    "status": "fetched"
  },
  "230 debug pnpm:_dependency_resolved": {
    "resolution": "registry.npmjs.org/jest-watch-typeahead/0.6.1",
    "wanted": {
      "dependentId": "/react-scripts/4.0.3",
      "name": "jest-watch-typeahead",
      "rawSpec": "0.6.1"
    }
  },
  "231 debug pnpm:progress": {
    "packageId": "registry.npmjs.org/jest-watch-typeahead/0.6.1",
    "requester": "/home/workspace/reactjs/coding-practices/iplDashboardApp",
    "status": "resolved"
  },
  "232 debug pnpm:fetching-progress": {
    "attempt": 1,
    "packageId": "registry.npmjs.org/jest-resolve/26.6.0",
    "size": 8854,
    "status": "started"
  },
  "233 debug pnpm:progress": {
    "packageId": "registry.npmjs.org/jest-resolve/26.6.0",
    "requester": "/home/workspace/reactjs/coding-practices/iplDashboardApp",
    "status": "fetched"
  },
  "234 debug pnpm:_dependency_resolved": {
    "resolution": "registry.npmjs.org/optimize-css-assets-webpack-plugin/5.0.4",
    "wanted": {
      "dependentId": "/react-scripts/4.0.3",
      "name": "optimize-css-assets-webpack-plugin",
      "rawSpec": "5.0.4"
    }
  },
  "235 debug pnpm:progress": {
    "packageId": "registry.npmjs.org/optimize-css-assets-webpack-plugin/5.0.4",
    "requester": "/home/workspace/reactjs/coding-practices/iplDashboardApp",
    "status": "resolved"
  },
  "236 debug pnpm:_dependency_resolved": {
    "resolution": "registry.npmjs.org/pnp-webpack-plugin/1.6.4",
    "wanted": {
      "dependentId": "/react-scripts/4.0.3",
      "name": "pnp-webpack-plugin",
      "rawSpec": "1.6.4"
    }
  },
  "237 debug pnpm:progress": {
    "packageId": "registry.npmjs.org/pnp-webpack-plugin/1.6.4",
    "requester": "/home/workspace/reactjs/coding-practices/iplDashboardApp",
    "status": "resolved"
  },
  "238 debug pnpm:_dependency_resolved": {
    "resolution": "registry.npmjs.org/postcss-flexbugs-fixes/4.2.1",
    "wanted": {
      "dependentId": "/react-scripts/4.0.3",
      "name": "postcss-flexbugs-fixes",
      "rawSpec": "4.2.1"
    }
  },
  "239 debug pnpm:progress": {
    "packageId": "registry.npmjs.org/postcss-flexbugs-fixes/4.2.1",
    "requester": "/home/workspace/reactjs/coding-practices/iplDashboardApp",
    "status": "resolved"
  },
  "240 debug pnpm:fetching-progress": {
    "attempt": 1,
    "packageId": "registry.npmjs.org/jest-watch-typeahead/0.6.1",
    "size": 7115,
    "status": "started"
  },
  "241 debug pnpm:progress": {
    "packageId": "registry.npmjs.org/jest-watch-typeahead/0.6.1",
    "requester": "/home/workspace/reactjs/coding-practices/iplDashboardApp",
    "status": "fetched"
  },
  "242 debug pnpm:fetching-progress": {
    "attempt": 2,
    "packageId": "registry.npmjs.org/fs-extra/9.1.0",
    "size": 33668,
    "status": "started"
  },
  "243 debug pnpm:fetching-progress": {
    "attempt": 1,
    "packageId": "registry.npmjs.org/optimize-css-assets-webpack-plugin/5.0.4",
    "size": 6183,
    "status": "started"
  },
  "244 debug pnpm:fetching-progress": {
    "attempt": 3,
    "packageId": "registry.npmjs.org/eslint-config-react-app/6.0.0",
    "size": 5843,
    "status": "started"
  },
  "245 debug pnpm:_dependency_resolved": {
    "resolution": "registry.npmjs.org/jest-circus/26.6.0",
    "wanted": {
      "dependentId": "/react-scripts/4.0.3",
      "name": "jest-circus",
      "rawSpec": "26.6.0"
    }
  },
  "246 debug pnpm:progress": {
    "packageId": "registry.npmjs.org/jest-circus/26.6.0",
    "requester": "/home/workspace/reactjs/coding-practices/iplDashboardApp",
    "status": "resolved"
  },
  "247 debug pnpm:progress": {
    "packageId": "registry.npmjs.org/optimize-css-assets-webpack-plugin/5.0.4",
    "requester": "/home/workspace/reactjs/coding-practices/iplDashboardApp",
    "status": "fetched"
  },
  "248 debug pnpm:progress": {
    "packageId": "registry.npmjs.org/eslint-config-react-app/6.0.0",
    "requester": "/home/workspace/reactjs/coding-practices/iplDashboardApp",
    "status": "fetched"
  },
  "249 debug pnpm:_dependency_resolved": {
    "resolution": "registry.npmjs.org/mini-css-extract-plugin/0.11.3",
    "wanted": {
      "dependentId": "/react-scripts/4.0.3",
      "name": "mini-css-extract-plugin",
      "rawSpec": "0.11.3"
    }
  },
  "250 debug pnpm:progress": {
    "packageId": "registry.npmjs.org/mini-css-extract-plugin/0.11.3",
    "requester": "/home/workspace/reactjs/coding-practices/iplDashboardApp",
    "status": "resolved"
  },
  "251 debug pnpm:progress": {
    "packageId": "registry.npmjs.org/fs-extra/9.1.0",
    "requester": "/home/workspace/reactjs/coding-practices/iplDashboardApp",
    "status": "fetched"
  },
  "252 debug pnpm:fetching-progress": {
    "attempt": 1,
    "packageId": "registry.npmjs.org/pnp-webpack-plugin/1.6.4",
    "size": 4311,
    "status": "started"
  },
  "253 debug pnpm:progress": {
    "packageId": "registry.npmjs.org/pnp-webpack-plugin/1.6.4",
    "requester": "/home/workspace/reactjs/coding-practices/iplDashboardApp",
    "status": "fetched"
  },
  "254 debug pnpm:fetching-progress": {
    "attempt": 1,
    "packageId": "registry.npmjs.org/postcss-flexbugs-fixes/4.2.1",
    "size": 3186,
    "status": "started"
  },
  "255 debug pnpm:progress": {
    "packageId": "registry.npmjs.org/postcss-flexbugs-fixes/4.2.1",
    "requester": "/home/workspace/reactjs/coding-practices/iplDashboardApp",
    "status": "fetched"
  },
  "256 debug pnpm:fetching-progress": {
    "attempt": 1,
    "packageId": "registry.npmjs.org/jest-circus/26.6.0",
    "size": 18311,
    "status": "started"
  },
  "257 debug pnpm:_dependency_resolved": {
    "resolution": "registry.npmjs.org/postcss-loader/3.0.0",
    "wanted": {
      "dependentId": "/react-scripts/4.0.3",
      "name": "postcss-loader",
      "rawSpec": "3.0.0"
    }
  },
  "258 debug pnpm:progress": {
    "packageId": "registry.npmjs.org/postcss-loader/3.0.0",
    "requester": "/home/workspace/reactjs/coding-practices/iplDashboardApp",
    "status": "resolved"
  },
  "259 debug pnpm:_dependency_resolved": {
    "resolution": "registry.npmjs.org/postcss-normalize/8.0.1",
    "wanted": {
      "dependentId": "/react-scripts/4.0.3",
      "name": "postcss-normalize",
      "rawSpec": "8.0.1"
    }
  },
  "260 debug pnpm:progress": {
    "packageId": "registry.npmjs.org/postcss-normalize/8.0.1",
    "requester": "/home/workspace/reactjs/coding-practices/iplDashboardApp",
    "status": "resolved"
  },
  "261 debug pnpm:progress": {
    "packageId": "registry.npmjs.org/jest-circus/26.6.0",
    "requester": "/home/workspace/reactjs/coding-practices/iplDashboardApp",
    "status": "fetched"
  },
  "262 debug pnpm:fetching-progress": {
    "attempt": 1,
    "packageId": "registry.npmjs.org/postcss-loader/3.0.0",
    "size": 9938,
    "status": "started"
  },
  "263 debug pnpm:fetching-progress": {
    "attempt": 1,
    "packageId": "registry.npmjs.org/postcss-normalize/8.0.1",
    "size": 12036,
    "status": "started"
  },
  "264 error pnpm": {
    "code": "ERR_PNPM_META_FETCH_FAIL",
    "attempts": 1,
    "pkgsStack": [
      {
        "id": "registry.npmjs.org/react-scripts/4.0.3",
        "name": "react-scripts",
        "version": "4.0.3"
      }
    ],
    "err": {
      "name": "pnpm",
      "message": "GET https://registry.npmjs.org/eslint-plugin-flowtype: request to https://registry.npmjs.org/eslint-plugin-flowtype failed, reason: Client network socket disconnected before secure TLS connection was established",
      "code": "ERR_PNPM_META_FETCH_FAIL",
      "stack": "pnpm: GET https://registry.npmjs.org/eslint-plugin-flowtype: request to https://registry.npmjs.org/eslint-plugin-flowtype failed, reason: Client network socket disconnected before secure TLS connection was established\n    at RetryOperation._fn (/usr/local/lib/node_modules/pnpm/dist/pnpm.cjs:85807:19)\n    at runMicrotasks (<anonymous>)\n    at processTicksAndRejections (internal/process/task_queues.js:95:5)"
    }
  },
  "265 debug pnpm:_dependency_resolved": {
    "resolution": "registry.npmjs.org/postcss-safe-parser/5.0.2",
    "wanted": {
      "dependentId": "/react-scripts/4.0.3",
      "name": "postcss-safe-parser",
      "rawSpec": "5.0.2"
    }
  },
  "266 debug pnpm:progress": {
    "packageId": "registry.npmjs.org/postcss-safe-parser/5.0.2",
    "requester": "/home/workspace/reactjs/coding-practices/iplDashboardApp",
    "status": "resolved"
  }
}